


ARM Macro Assembler    Page 1 


    1 00000000                 AREA             RESET,DATA,READONLY
    2 00000000                 EXPORT           __Vectors
    3 00000000         __Vectors
    4 00000000 10001000        DCD              0X10001000
    5 00000004 00000000        DCD              Reset_Handler
    6 00000008                 ALIGN
    7 00000008                 AREA             mycode, CODE, READONLY
    8 00000000                 ENTRY
    9 00000000                 EXPORT           Reset_Handler
   10 00000000         Reset_Handler
   11 00000000 F04F 050A       LDR              R5,=10
   12 00000004 F04F 060C       LDR              R6,=12
   13 00000008 4802            LDR              R0,=SRC
   14 0000000A 6005            STR              R5,[R0]
   15 0000000C F100 0004       ADD              R0, #4
   16 00000010 6006            STR              R6,[R0]
   17 00000012         STOP
   18 00000012 E7FE            B                STOP
   19 00000014 00000000        AREA             mysrcdata, DATA, READWRITE
   20 00000000 00000008 
                       SRC     DCD              8
   21 00000004                 AREA             mydata, DATA, READWRITE
   22 00000000 00000000 
                       DST     DCD              0
   23 00000004                 END
Command Line: --debug --xref --cpu=Cortex-M3 --apcs=interwork --depend=.\q3.d -
o.\q3.o -IC:\Keil\ARM\RV31\INC -IC:\Keil\ARM\CMSIS\Include -IC:\Keil\ARM\Inc\NX
P\LPC17xx --predefine="__EVAL SETA 1" --list=.\q3.lst q3.s



ARM Macro Assembler    Page 1 Alphabetic symbol ordering
Relocatable symbols

RESET 00000000

Symbol: RESET
   Definitions
      At line 1 in file q3.s
   Uses
      None
Comment: RESET unused
__Vectors 00000000

Symbol: __Vectors
   Definitions
      At line 3 in file q3.s
   Uses
      At line 2 in file q3.s
Comment: __Vectors used once
2 symbols



ARM Macro Assembler    Page 1 Alphabetic symbol ordering
Relocatable symbols

Reset_Handler 00000000

Symbol: Reset_Handler
   Definitions
      At line 10 in file q3.s
   Uses
      At line 5 in file q3.s
      At line 9 in file q3.s

STOP 00000012

Symbol: STOP
   Definitions
      At line 17 in file q3.s
   Uses
      At line 18 in file q3.s
Comment: STOP used once
mycode 00000000

Symbol: mycode
   Definitions
      At line 7 in file q3.s
   Uses
      None
Comment: mycode unused
3 symbols



ARM Macro Assembler    Page 1 Alphabetic symbol ordering
Relocatable symbols

SRC 00000000

Symbol: SRC
   Definitions
      At line 20 in file q3.s
   Uses
      At line 13 in file q3.s
Comment: SRC used once
mysrcdata 00000000

Symbol: mysrcdata
   Definitions
      At line 19 in file q3.s
   Uses
      None
Comment: mysrcdata unused
2 symbols



ARM Macro Assembler    Page 1 Alphabetic symbol ordering
Relocatable symbols

DST 00000000

Symbol: DST
   Definitions
      At line 22 in file q3.s
   Uses
      None
Comment: DST unused
mydata 00000000

Symbol: mydata
   Definitions
      At line 21 in file q3.s
   Uses
      None
Comment: mydata unused
2 symbols
342 symbols in table
